<?xml version="1.0" encoding="UTF-8"?>
<coverage generated="1386015367">
    <project timestamp="1386015367">
        <package name="JaztecAcl\Acl">
            <file name="/home/jasper/Projects/Jaztec/vendor/JaztecAcl/src/JaztecAcl/Acl/Acl.php">
                <class name="Acl" namespace="JaztecAcl\Acl">
                    <metrics methods="9" coveredmethods="1" conditionals="0" coveredconditionals="0" statements="66" coveredstatements="1" elements="75" coveredelements="2"/>
                </class>
                <line num="25" type="method" name="isLoaded" crap="2" count="1"/>
                <line num="27" type="stmt" count="1"/>
                <line num="36" type="method" name="setupAcl" crap="2" count="0"/>
                <line num="38" type="stmt" count="0"/>
                <line num="39" type="stmt" count="0"/>
                <line num="40" type="stmt" count="0"/>
                <line num="42" type="stmt" count="0"/>
                <line num="44" type="stmt" count="0"/>
                <line num="53" type="method" name="insertRoles" crap="12" count="0"/>
                <line num="55" type="stmt" count="0"/>
                <line num="56" type="stmt" count="0"/>
                <line num="57" type="stmt" count="0"/>
                <line num="58" type="stmt" count="0"/>
                <line num="59" type="stmt" count="0"/>
                <line num="60" type="stmt" count="0"/>
                <line num="61" type="stmt" count="0"/>
                <line num="63" type="stmt" count="0"/>
                <line num="65" type="stmt" count="0"/>
                <line num="74" type="method" name="insertResources" crap="12" count="0"/>
                <line num="76" type="stmt" count="0"/>
                <line num="77" type="stmt" count="0"/>
                <line num="78" type="stmt" count="0"/>
                <line num="79" type="stmt" count="0"/>
                <line num="80" type="stmt" count="0"/>
                <line num="81" type="stmt" count="0"/>
                <line num="83" type="stmt" count="0"/>
                <line num="85" type="stmt" count="0"/>
                <line num="94" type="method" name="insertPrivileges" crap="6" count="0"/>
                <line num="96" type="stmt" count="0"/>
                <line num="97" type="stmt" count="0"/>
                <line num="98" type="stmt" count="0"/>
                <line num="99" type="stmt" count="0"/>
                <line num="100" type="stmt" count="0"/>
                <line num="101" type="stmt" count="0"/>
                <line num="103" type="stmt" count="0"/>
                <line num="112" type="method" name="findRoles" crap="2" count="0"/>
                <line num="114" type="stmt" count="0"/>
                <line num="115" type="stmt" count="0"/>
                <line num="116" type="stmt" count="0"/>
                <line num="117" type="stmt" count="0"/>
                <line num="119" type="stmt" count="0"/>
                <line num="128" type="method" name="findResources" crap="2" count="0"/>
                <line num="130" type="stmt" count="0"/>
                <line num="131" type="stmt" count="0"/>
                <line num="132" type="stmt" count="0"/>
                <line num="133" type="stmt" count="0"/>
                <line num="135" type="stmt" count="0"/>
                <line num="144" type="method" name="findPrivileges" crap="2" count="0"/>
                <line num="146" type="stmt" count="0"/>
                <line num="148" type="stmt" count="0"/>
                <line num="158" type="method" name="createResource" crap="42" count="0"/>
                <line num="161" type="stmt" count="0"/>
                <line num="162" type="stmt" count="0"/>
                <line num="163" type="stmt" count="0"/>
                <line num="164" type="stmt" count="0"/>
                <line num="165" type="stmt" count="0"/>
                <line num="166" type="stmt" count="0"/>
                <line num="167" type="stmt" count="0"/>
                <line num="168" type="stmt" count="0"/>
                <line num="169" type="stmt" count="0"/>
                <line num="170" type="stmt" count="0"/>
                <line num="171" type="stmt" count="0"/>
                <line num="172" type="stmt" count="0"/>
                <line num="173" type="stmt" count="0"/>
                <line num="174" type="stmt" count="0"/>
                <line num="176" type="stmt" count="0"/>
                <line num="177" type="stmt" count="0"/>
                <line num="181" type="stmt" count="0"/>
                <line num="182" type="stmt" count="0"/>
                <line num="183" type="stmt" count="0"/>
                <line num="184" type="stmt" count="0"/>
                <line num="185" type="stmt" count="0"/>
                <line num="187" type="stmt" count="0"/>
                <line num="189" type="stmt" count="0"/>
                <line num="191" type="stmt" count="0"/>
                <line num="194" type="stmt" count="0"/>
                <metrics loc="193" ncloc="128" classes="1" methods="9" coveredmethods="1" conditionals="0" coveredconditionals="0" statements="66" coveredstatements="1" elements="75" coveredelements="2"/>
            </file>
        </package>
        <file name="/home/jasper/Projects/Jaztec/vendor/JaztecAcl/src/JaztecAcl/Acl/AclAwareInterface.php">
            <line num="5" type="stmt" count="0"/>
            <line num="18" type="stmt" count="0"/>
            <metrics loc="17" ncloc="11" classes="0" methods="0" coveredmethods="0" conditionals="0" coveredconditionals="0" statements="1" coveredstatements="0" elements="1" coveredelements="0"/>
        </file>
        <file name="/home/jasper/Projects/Jaztec/vendor/JaztecAcl/src/JaztecAcl/Cache/CacheAwareInterface.php">
            <line num="7" type="stmt" count="0"/>
            <line num="20" type="stmt" count="0"/>
            <metrics loc="19" ncloc="13" classes="0" methods="0" coveredmethods="0" conditionals="0" coveredconditionals="0" statements="1" coveredstatements="0" elements="1" coveredelements="0"/>
        </file>
        <package name="JaztecAcl\Controller">
            <file name="/home/jasper/Projects/Jaztec/vendor/JaztecAcl/src/JaztecAcl/Controller/AuthorizedController.php">
                <class name="AuthorizedController" namespace="JaztecAcl\Controller">
                    <metrics methods="7" coveredmethods="0" conditionals="0" coveredconditionals="0" statements="41" coveredstatements="0" elements="48" coveredelements="0"/>
                </class>
                <line num="28" type="method" name="setRole" crap="2" count="0"/>
                <line num="30" type="stmt" count="0"/>
                <line num="32" type="stmt" count="0"/>
                <line num="38" type="method" name="getRole" crap="12" count="0"/>
                <line num="40" type="stmt" count="0"/>
                <line num="41" type="stmt" count="0"/>
                <line num="42" type="stmt" count="0"/>
                <line num="43" type="stmt" count="0"/>
                <line num="44" type="stmt" count="0"/>
                <line num="47" type="stmt" count="0"/>
                <line num="49" type="stmt" count="0"/>
                <line num="50" type="stmt" count="0"/>
                <line num="52" type="stmt" count="0"/>
                <line num="58" type="method" name="setEntityManager" crap="2" count="0"/>
                <line num="60" type="stmt" count="0"/>
                <line num="61" type="stmt" count="0"/>
                <line num="66" type="method" name="getEntityManager" crap="6" count="0"/>
                <line num="68" type="stmt" count="0"/>
                <line num="69" type="stmt" count="0"/>
                <line num="70" type="stmt" count="0"/>
                <line num="72" type="stmt" count="0"/>
                <line num="78" type="method" name="getAclService" crap="6" count="0"/>
                <line num="80" type="stmt" count="0"/>
                <line num="81" type="stmt" count="0"/>
                <line num="82" type="stmt" count="0"/>
                <line num="84" type="stmt" count="0"/>
                <line num="90" type="method" name="setAclService" crap="2" count="0"/>
                <line num="92" type="stmt" count="0"/>
                <line num="93" type="stmt" count="0"/>
                <line num="99" type="method" name="checkAcl" crap="12" count="0"/>
                <line num="101" type="stmt" count="0"/>
                <line num="104" type="stmt" count="0"/>
                <line num="105" type="stmt" count="0"/>
                <line num="106" type="stmt" count="0"/>
                <line num="108" type="stmt" count="0"/>
                <line num="109" type="stmt" count="0"/>
                <line num="110" type="stmt" count="0"/>
                <line num="111" type="stmt" count="0"/>
                <line num="113" type="stmt" count="0"/>
                <line num="116" type="stmt" count="0"/>
                <line num="117" type="stmt" count="0"/>
                <line num="118" type="stmt" count="0"/>
                <line num="119" type="stmt" count="0"/>
                <line num="120" type="stmt" count="0"/>
                <line num="121" type="stmt" count="0"/>
                <line num="122" type="stmt" count="0"/>
                <line num="123" type="stmt" count="0"/>
                <line num="125" type="stmt" count="0"/>
                <line num="128" type="stmt" count="1"/>
                <metrics loc="127" ncloc="94" classes="1" methods="7" coveredmethods="0" conditionals="0" coveredconditionals="0" statements="41" coveredstatements="0" elements="48" coveredelements="0"/>
            </file>
            <file name="/home/jasper/Projects/Jaztec/vendor/JaztecAcl/src/JaztecAcl/Controller/BaseController.php">
                <class name="BaseController" namespace="JaztecAcl\Controller">
                    <metrics methods="5" coveredmethods="1" conditionals="0" coveredconditionals="0" statements="16" coveredstatements="2" elements="21" coveredelements="3"/>
                </class>
                <line num="21" type="method" name="onDispatch" crap="1" count="1"/>
                <line num="22" type="stmt" count="1"/>
                <line num="23" type="stmt" count="1"/>
                <line num="28" type="method" name="setEntityManager" crap="2" count="0"/>
                <line num="29" type="stmt" count="0"/>
                <line num="30" type="stmt" count="0"/>
                <line num="35" type="method" name="getEntityManager" crap="6" count="0"/>
                <line num="36" type="stmt" count="0"/>
                <line num="37" type="stmt" count="0"/>
                <line num="38" type="stmt" count="0"/>
                <line num="39" type="stmt" count="0"/>
                <line num="41" type="stmt" count="0"/>
                <line num="47" type="method" name="getUserService" crap="6" count="0"/>
                <line num="48" type="stmt" count="0"/>
                <line num="49" type="stmt" count="0"/>
                <line num="50" type="stmt" count="0"/>
                <line num="51" type="stmt" count="0"/>
                <line num="53" type="stmt" count="0"/>
                <line num="60" type="method" name="setUserService" crap="2" count="0"/>
                <line num="61" type="stmt" count="0"/>
                <line num="63" type="stmt" count="0"/>
                <line num="67" type="stmt" count="1"/>
                <metrics loc="66" ncloc="48" classes="1" methods="5" coveredmethods="1" conditionals="0" coveredconditionals="0" statements="16" coveredstatements="2" elements="21" coveredelements="3"/>
            </file>
        </package>
        <package name="JaztecAcl\Direct">
            <file name="/home/jasper/Projects/Jaztec/vendor/JaztecAcl/src/JaztecAcl/Direct/AuthorizedDirectObject.php">
                <class name="AuthorizedDirectObject" namespace="JaztecAcl\Direct">
                    <metrics methods="13" coveredmethods="1" conditionals="0" coveredconditionals="0" statements="42" coveredstatements="3" elements="55" coveredelements="4"/>
                </class>
                <line num="42" type="method" name="__construct" crap="2" count="0"/>
                <line num="44" type="stmt" count="0"/>
                <line num="45" type="stmt" count="0"/>
                <line num="53" type="method" name="checkAcl" crap="2" count="0"/>
                <line num="56" type="stmt" count="0"/>
                <line num="57" type="stmt" count="0"/>
                <line num="58" type="stmt" count="0"/>
                <line num="59" type="stmt" count="0"/>
                <line num="61" type="stmt" count="0"/>
                <line num="67" type="method" name="notAllowed" crap="1" count="1"/>
                <line num="70" type="stmt" count="1"/>
                <line num="71" type="stmt" count="1"/>
                <line num="72" type="stmt" count="1"/>
                <line num="78" type="method" name="getAclService" crap="6" count="0"/>
                <line num="80" type="stmt" count="0"/>
                <line num="81" type="stmt" count="0"/>
                <line num="82" type="stmt" count="0"/>
                <line num="84" type="stmt" count="0"/>
                <line num="91" type="method" name="setAclService" crap="2" count="0"/>
                <line num="93" type="stmt" count="0"/>
                <line num="95" type="stmt" count="0"/>
                <line num="102" type="method" name="setRole" crap="2" count="0"/>
                <line num="104" type="stmt" count="0"/>
                <line num="106" type="stmt" count="0"/>
                <line num="112" type="method" name="getRole" crap="12" count="0"/>
                <line num="114" type="stmt" count="0"/>
                <line num="115" type="stmt" count="0"/>
                <line num="116" type="stmt" count="0"/>
                <line num="117" type="stmt" count="0"/>
                <line num="118" type="stmt" count="0"/>
                <line num="121" type="stmt" count="0"/>
                <line num="123" type="stmt" count="0"/>
                <line num="124" type="stmt" count="0"/>
                <line num="126" type="stmt" count="0"/>
                <line num="132" type="method" name="setEntityManager" crap="2" count="0"/>
                <line num="134" type="stmt" count="0"/>
                <line num="135" type="stmt" count="0"/>
                <line num="140" type="method" name="getEntityManager" crap="6" count="0"/>
                <line num="142" type="stmt" count="0"/>
                <line num="143" type="stmt" count="0"/>
                <line num="144" type="stmt" count="0"/>
                <line num="146" type="stmt" count="0"/>
                <line num="152" type="method" name="getServiceLocator" crap="2" count="0"/>
                <line num="154" type="stmt" count="0"/>
                <line num="161" type="method" name="setServiceLocator" crap="2" count="0"/>
                <line num="163" type="stmt" count="0"/>
                <line num="165" type="stmt" count="0"/>
                <line num="171" type="method" name="getUserService" crap="6" count="0"/>
                <line num="173" type="stmt" count="0"/>
                <line num="174" type="stmt" count="0"/>
                <line num="175" type="stmt" count="0"/>
                <line num="177" type="stmt" count="0"/>
                <line num="184" type="method" name="setUserService" crap="2" count="0"/>
                <line num="186" type="stmt" count="0"/>
                <line num="188" type="stmt" count="0"/>
                <line num="191" type="stmt" count="0"/>
                <metrics loc="190" ncloc="128" classes="1" methods="13" coveredmethods="1" conditionals="0" coveredconditionals="0" statements="42" coveredstatements="3" elements="55" coveredelements="4"/>
            </file>
        </package>
        <package name="JaztecAcl\Entity">
            <file name="/home/jasper/Projects/Jaztec/vendor/JaztecAcl/src/JaztecAcl/Entity/Privilege.php">
                <class name="Privilege" namespace="JaztecAcl\Entity">
                    <metrics methods="12" coveredmethods="0" conditionals="0" coveredconditionals="0" statements="25" coveredstatements="0" elements="37" coveredelements="0"/>
                </class>
                <line num="57" type="method" name="getId" crap="2" count="0"/>
                <line num="59" type="stmt" count="0"/>
                <line num="65" type="method" name="getType" crap="2" count="0"/>
                <line num="67" type="stmt" count="0"/>
                <line num="74" type="method" name="setType" crap="2" count="0"/>
                <line num="76" type="stmt" count="0"/>
                <line num="78" type="stmt" count="0"/>
                <line num="84" type="method" name="getPrivilege" crap="2" count="0"/>
                <line num="86" type="stmt" count="0"/>
                <line num="93" type="method" name="setPrivilege" crap="2" count="0"/>
                <line num="95" type="stmt" count="0"/>
                <line num="97" type="stmt" count="0"/>
                <line num="103" type="method" name="getRole" crap="2" count="0"/>
                <line num="105" type="stmt" count="0"/>
                <line num="112" type="method" name="setRole" crap="2" count="0"/>
                <line num="114" type="stmt" count="0"/>
                <line num="116" type="stmt" count="0"/>
                <line num="122" type="method" name="clearRole" crap="2" count="0"/>
                <line num="124" type="stmt" count="0"/>
                <line num="126" type="stmt" count="0"/>
                <line num="132" type="method" name="getResource" crap="2" count="0"/>
                <line num="134" type="stmt" count="0"/>
                <line num="141" type="method" name="setResource" crap="2" count="0"/>
                <line num="143" type="stmt" count="0"/>
                <line num="145" type="stmt" count="0"/>
                <line num="151" type="method" name="clearResource" crap="2" count="0"/>
                <line num="153" type="stmt" count="0"/>
                <line num="155" type="stmt" count="0"/>
                <line num="161" type="method" name="toArray" crap="30" count="0"/>
                <line num="164" type="stmt" count="0"/>
                <line num="165" type="stmt" count="0"/>
                <line num="166" type="stmt" count="0"/>
                <line num="167" type="stmt" count="0"/>
                <line num="168" type="stmt" count="0"/>
                <line num="169" type="stmt" count="0"/>
                <line num="170" type="stmt" count="0"/>
                <line num="171" type="stmt" count="0"/>
                <line num="174" type="stmt" count="0"/>
                <metrics loc="173" ncloc="100" classes="1" methods="12" coveredmethods="0" conditionals="0" coveredconditionals="0" statements="25" coveredstatements="0" elements="37" coveredelements="0"/>
            </file>
            <file name="/home/jasper/Projects/Jaztec/vendor/JaztecAcl/src/JaztecAcl/Entity/Resource.php">
                <class name="Resource" namespace="JaztecAcl\Entity">
                    <metrics methods="11" coveredmethods="0" conditionals="0" coveredconditionals="0" statements="20" coveredstatements="0" elements="31" coveredelements="0"/>
                </class>
                <line num="50" type="method" name="getId" crap="2" count="0"/>
                <line num="52" type="stmt" count="0"/>
                <line num="59" type="method" name="setId" crap="2" count="0"/>
                <line num="61" type="stmt" count="0"/>
                <line num="63" type="stmt" count="0"/>
                <line num="69" type="method" name="getName" crap="2" count="0"/>
                <line num="71" type="stmt" count="0"/>
                <line num="78" type="method" name="setName" crap="2" count="0"/>
                <line num="80" type="stmt" count="0"/>
                <line num="82" type="stmt" count="0"/>
                <line num="88" type="method" name="getParent" crap="2" count="0"/>
                <line num="90" type="stmt" count="0"/>
                <line num="97" type="method" name="setParent" crap="2" count="0"/>
                <line num="99" type="stmt" count="0"/>
                <line num="101" type="stmt" count="0"/>
                <line num="107" type="method" name="clearParent" crap="2" count="0"/>
                <line num="109" type="stmt" count="0"/>
                <line num="111" type="stmt" count="0"/>
                <line num="117" type="method" name="getSort" crap="2" count="0"/>
                <line num="119" type="stmt" count="0"/>
                <line num="126" type="method" name="setSort" crap="2" count="0"/>
                <line num="128" type="stmt" count="0"/>
                <line num="130" type="stmt" count="0"/>
                <line num="136" type="method" name="getResourceId" crap="2" count="0"/>
                <line num="138" type="stmt" count="0"/>
                <line num="144" type="method" name="toArray" crap="12" count="0"/>
                <line num="147" type="stmt" count="0"/>
                <line num="148" type="stmt" count="0"/>
                <line num="149" type="stmt" count="0"/>
                <line num="150" type="stmt" count="0"/>
                <line num="151" type="stmt" count="0"/>
                <line num="154" type="stmt" count="0"/>
                <metrics loc="153" ncloc="89" classes="1" methods="11" coveredmethods="0" conditionals="0" coveredconditionals="0" statements="20" coveredstatements="0" elements="31" coveredelements="0"/>
            </file>
            <file name="/home/jasper/Projects/Jaztec/vendor/JaztecAcl/src/JaztecAcl/Entity/Role.php">
                <class name="Role" namespace="JaztecAcl\Entity">
                    <metrics methods="11" coveredmethods="0" conditionals="0" coveredconditionals="0" statements="20" coveredstatements="0" elements="31" coveredelements="0"/>
                </class>
                <line num="50" type="method" name="getId" crap="2" count="0"/>
                <line num="52" type="stmt" count="0"/>
                <line num="59" type="method" name="setId" crap="2" count="0"/>
                <line num="61" type="stmt" count="0"/>
                <line num="63" type="stmt" count="0"/>
                <line num="69" type="method" name="getName" crap="2" count="0"/>
                <line num="71" type="stmt" count="0"/>
                <line num="78" type="method" name="setName" crap="2" count="0"/>
                <line num="80" type="stmt" count="0"/>
                <line num="82" type="stmt" count="0"/>
                <line num="88" type="method" name="getSort" crap="2" count="0"/>
                <line num="90" type="stmt" count="0"/>
                <line num="97" type="method" name="setSort" crap="2" count="0"/>
                <line num="99" type="stmt" count="0"/>
                <line num="101" type="stmt" count="0"/>
                <line num="107" type="method" name="getParent" crap="2" count="0"/>
                <line num="109" type="stmt" count="0"/>
                <line num="116" type="method" name="setParent" crap="2" count="0"/>
                <line num="118" type="stmt" count="0"/>
                <line num="120" type="stmt" count="0"/>
                <line num="126" type="method" name="clearParent" crap="2" count="0"/>
                <line num="128" type="stmt" count="0"/>
                <line num="130" type="stmt" count="0"/>
                <line num="136" type="method" name="getRoleId" crap="2" count="0"/>
                <line num="138" type="stmt" count="0"/>
                <line num="144" type="method" name="toArray" crap="12" count="0"/>
                <line num="147" type="stmt" count="0"/>
                <line num="148" type="stmt" count="0"/>
                <line num="149" type="stmt" count="0"/>
                <line num="150" type="stmt" count="0"/>
                <line num="151" type="stmt" count="0"/>
                <line num="154" type="stmt" count="0"/>
                <metrics loc="153" ncloc="89" classes="1" methods="11" coveredmethods="0" conditionals="0" coveredconditionals="0" statements="20" coveredstatements="0" elements="31" coveredelements="0"/>
            </file>
            <file name="/home/jasper/Projects/Jaztec/vendor/JaztecAcl/src/JaztecAcl/Entity/User.php">
                <class name="User" namespace="JaztecAcl\Entity">
                    <metrics methods="23" coveredmethods="0" conditionals="0" coveredconditionals="0" statements="43" coveredstatements="0" elements="66" coveredelements="0"/>
                </class>
                <line num="89" type="method" name="__construct" crap="2" count="0"/>
                <line num="92" type="stmt" count="0"/>
                <line num="93" type="stmt" count="0"/>
                <line num="94" type="stmt" count="0"/>
                <line num="95" type="stmt" count="0"/>
                <line num="96" type="stmt" count="0"/>
                <line num="101" type="method" name="getId" crap="2" count="0"/>
                <line num="103" type="stmt" count="0"/>
                <line num="110" type="method" name="setId" crap="2" count="0"/>
                <line num="112" type="stmt" count="0"/>
                <line num="114" type="stmt" count="0"/>
                <line num="120" type="method" name="getUsername" crap="2" count="0"/>
                <line num="122" type="stmt" count="0"/>
                <line num="129" type="method" name="setUsername" crap="2" count="0"/>
                <line num="131" type="stmt" count="0"/>
                <line num="133" type="stmt" count="0"/>
                <line num="139" type="method" name="getEmail" crap="2" count="0"/>
                <line num="141" type="stmt" count="0"/>
                <line num="148" type="method" name="setEmail" crap="2" count="0"/>
                <line num="150" type="stmt" count="0"/>
                <line num="152" type="stmt" count="0"/>
                <line num="158" type="method" name="getPassword" crap="2" count="0"/>
                <line num="160" type="stmt" count="0"/>
                <line num="167" type="method" name="setPassword" crap="2" count="0"/>
                <line num="169" type="stmt" count="0"/>
                <line num="171" type="stmt" count="0"/>
                <line num="177" type="method" name="getFirstName" crap="2" count="0"/>
                <line num="179" type="stmt" count="0"/>
                <line num="186" type="method" name="setFirstName" crap="2" count="0"/>
                <line num="188" type="stmt" count="0"/>
                <line num="190" type="stmt" count="0"/>
                <line num="196" type="method" name="getLastName" crap="2" count="0"/>
                <line num="198" type="stmt" count="0"/>
                <line num="204" type="method" name="getRole" crap="2" count="0"/>
                <line num="206" type="stmt" count="0"/>
                <line num="213" type="method" name="setRole" crap="2" count="0"/>
                <line num="215" type="stmt" count="0"/>
                <line num="217" type="stmt" count="0"/>
                <line num="224" type="method" name="setLastName" crap="2" count="0"/>
                <line num="226" type="stmt" count="0"/>
                <line num="228" type="stmt" count="0"/>
                <line num="234" type="method" name="getActive" crap="2" count="0"/>
                <line num="236" type="stmt" count="0"/>
                <line num="243" type="method" name="setActive" crap="2" count="0"/>
                <line num="245" type="stmt" count="0"/>
                <line num="247" type="stmt" count="0"/>
                <line num="253" type="method" name="getDisplayName" crap="2" count="0"/>
                <line num="255" type="stmt" count="0"/>
                <line num="262" type="method" name="setDisplayName" crap="2" count="0"/>
                <line num="264" type="stmt" count="0"/>
                <line num="266" type="stmt" count="0"/>
                <line num="273" type="method" name="setRoleID" crap="2" count="0"/>
                <line num="275" type="stmt" count="0"/>
                <line num="277" type="stmt" count="0"/>
                <line num="285" type="method" name="getState" crap="6" count="0"/>
                <line num="287" type="stmt" count="0"/>
                <line num="296" type="method" name="setState" crap="2" count="0"/>
                <line num="298" type="stmt" count="0"/>
                <line num="300" type="stmt" count="0"/>
                <line num="306" type="method" name="toArray" crap="2" count="0"/>
                <line num="309" type="stmt" count="0"/>
                <line num="310" type="stmt" count="0"/>
                <line num="311" type="stmt" count="0"/>
                <line num="312" type="stmt" count="0"/>
                <line num="313" type="stmt" count="0"/>
                <line num="314" type="stmt" count="0"/>
                <line num="317" type="stmt" count="0"/>
                <metrics loc="316" ncloc="176" classes="1" methods="23" coveredmethods="0" conditionals="0" coveredconditionals="0" statements="43" coveredstatements="0" elements="66" coveredelements="0"/>
            </file>
        </package>
        <package name="JaztecAcl">
            <file name="/home/jasper/Projects/Jaztec/vendor/JaztecAcl/src/JaztecAcl/Module.php">
                <class name="Module" namespace="JaztecAcl">
                    <metrics methods="6" coveredmethods="0" conditionals="0" coveredconditionals="0" statements="25" coveredstatements="0" elements="31" coveredelements="0"/>
                </class>
                <line num="17" type="method" name="init" crap="2" count="0"/>
                <line num="18" type="stmt" count="0"/>
                <line num="19" type="stmt" count="0"/>
                <line num="20" type="stmt" count="0"/>
                <line num="21" type="stmt" count="0"/>
                <line num="22" type="stmt" count="0"/>
                <line num="23" type="stmt" count="0"/>
                <line num="28" type="method" name="getConfig" crap="2" count="0"/>
                <line num="29" type="stmt" count="0"/>
                <line num="35" type="method" name="getAutoloaderConfig" crap="2" count="0"/>
                <line num="39" type="stmt" count="0"/>
                <line num="40" type="stmt" count="0"/>
                <line num="41" type="stmt" count="0"/>
                <line num="42" type="stmt" count="0"/>
                <line num="48" type="method" name="getServiceConfig" crap="2" count="0"/>
                <line num="49" type="stmt" count="0"/>
                <line num="57" type="method" name="onDispatchController" crap="6" count="0"/>
                <line num="58" type="stmt" count="0"/>
                <line num="61" type="stmt" count="0"/>
                <line num="62" type="stmt" count="0"/>
                <line num="63" type="stmt" count="0"/>
                <line num="64" type="stmt" count="0"/>
                <line num="72" type="method" name="onDispatchDirect" crap="12" count="0"/>
                <line num="73" type="stmt" count="0"/>
                <line num="74" type="stmt" count="0"/>
                <line num="77" type="stmt" count="0"/>
                <line num="78" type="stmt" count="0"/>
                <line num="79" type="stmt" count="0"/>
                <line num="81" type="stmt" count="0"/>
                <line num="83" type="stmt" count="0"/>
                <line num="84" type="stmt" count="0"/>
                <metrics loc="86" ncloc="62" classes="1" methods="6" coveredmethods="0" conditionals="0" coveredconditionals="0" statements="25" coveredstatements="0" elements="31" coveredelements="0"/>
            </file>
        </package>
        <package name="JaztecAcl\Service">
            <file name="/home/jasper/Projects/Jaztec/vendor/JaztecAcl/src/JaztecAcl/Service/AclService.php">
                <class name="AclService" namespace="JaztecAcl\Service">
                    <metrics methods="9" coveredmethods="1" conditionals="0" coveredconditionals="0" statements="28" coveredstatements="1" elements="37" coveredelements="2"/>
                </class>
                <line num="31" type="method" name="setCacheStorage" crap="2" count="0"/>
                <line num="33" type="stmt" count="0"/>
                <line num="34" type="stmt" count="0"/>
                <line num="39" type="method" name="getCacheStorage" crap="2" count="0"/>
                <line num="41" type="stmt" count="0"/>
                <line num="47" type="method" name="getAcl" crap="1" count="1"/>
                <line num="49" type="stmt" count="1"/>
                <line num="55" type="method" name="setAcl" crap="2" count="0"/>
                <line num="57" type="stmt" count="0"/>
                <line num="58" type="stmt" count="0"/>
                <line num="63" type="method" name="getUserAuth" crap="2" count="0"/>
                <line num="65" type="stmt" count="0"/>
                <line num="72" type="method" name="setUserAuth" crap="2" count="0"/>
                <line num="74" type="stmt" count="0"/>
                <line num="76" type="stmt" count="0"/>
                <line num="82" type="method" name="getEntityManager" crap="6" count="0"/>
                <line num="84" type="stmt" count="0"/>
                <line num="85" type="stmt" count="0"/>
                <line num="86" type="stmt" count="0"/>
                <line num="88" type="stmt" count="0"/>
                <line num="94" type="method" name="setEntityManager" crap="2" count="0"/>
                <line num="96" type="stmt" count="0"/>
                <line num="97" type="stmt" count="0"/>
                <line num="108" type="method" name="isAllowed" crap="30" count="0"/>
                <line num="110" type="stmt" count="0"/>
                <line num="111" type="stmt" count="0"/>
                <line num="113" type="stmt" count="0"/>
                <line num="115" type="stmt" count="0"/>
                <line num="119" type="stmt" count="0"/>
                <line num="122" type="stmt" count="0"/>
                <line num="123" type="stmt" count="0"/>
                <line num="124" type="stmt" count="0"/>
                <line num="125" type="stmt" count="0"/>
                <line num="126" type="stmt" count="0"/>
                <line num="127" type="stmt" count="0"/>
                <line num="129" type="stmt" count="0"/>
                <line num="131" type="stmt" count="0"/>
                <line num="134" type="stmt" count="0"/>
                <metrics loc="133" ncloc="85" classes="1" methods="9" coveredmethods="1" conditionals="0" coveredconditionals="0" statements="28" coveredstatements="1" elements="37" coveredelements="2"/>
            </file>
        </package>
        <file name="/home/jasper/Projects/Jaztec/vendor/JaztecAcl/src/JaztecAcl/Service/AclServiceAwareInterface.php">
            <line num="5" type="stmt" count="1"/>
            <line num="18" type="stmt" count="1"/>
            <metrics loc="17" ncloc="11" classes="0" methods="0" coveredmethods="0" conditionals="0" coveredconditionals="0" statements="1" coveredstatements="1" elements="1" coveredelements="1"/>
        </file>
        <metrics files="13" loc="1643" ncloc="1034" classes="10" methods="106" coveredmethods="4" conditionals="0" coveredconditionals="0" statements="329" coveredstatements="8" elements="435" coveredelements="12"/>
    </project>
</coverage>
